<?xml version="1.0" encoding="UTF-8"?>
<!-- Generated by org.testng.reporters.JUnitReportReporter -->
<testsuite hostname="LAPTOP-EK8R1102" failures="0" tests="3" name="testcase.GoogleApi" time="7.411" errors="0" timestamp="2021-11-11T07:43:34 IST" skipped="0">
  <testcase classname="testcase.GoogleApi" name="getPostcall" time="2.408"/>
  <system-out/>
  <testcase classname="testcase.GoogleApi" name="putMethod" time="2.637"/>
  <system-out/>
  <testcase classname="testcase.GoogleApi" name="getPutMethod" time="2.366"/>
  <system-out/>
</testsuite> <!-- testcase.GoogleApi -->
